Determining if the pthread_create exist failed with the following output:
Change Dir: /home/sarah/program/mine/seg_obj_fast (simple)/build/CMakeFiles/CMakeTmp

Run Build Command:"/usr/bin/make" "cmTC_dff24/fast"
/usr/bin/make -f CMakeFiles/cmTC_dff24.dir/build.make CMakeFiles/cmTC_dff24.dir/build
make[1]: Entering directory '/home/sarah/program/mine/seg_obj_fast (simple)/build/CMakeFiles/CMakeTmp'
Building C object CMakeFiles/cmTC_dff24.dir/CheckSymbolExists.c.o
/usr/bin/cc     -o CMakeFiles/cmTC_dff24.dir/CheckSymbolExists.c.o   -c "/home/sarah/program/mine/seg_obj_fast (simple)/build/CMakeFiles/CMakeTmp/CheckSymbolExists.c"
Linking C executable cmTC_dff24
/usr/bin/cmake -E cmake_link_script CMakeFiles/cmTC_dff24.dir/link.txt --verbose=1
/usr/bin/cc       CMakeFiles/cmTC_dff24.dir/CheckSymbolExists.c.o  -o cmTC_dff24 -rdynamic 
CMakeFiles/cmTC_dff24.dir/CheckSymbolExists.c.o: In function `main':
CheckSymbolExists.c:(.text+0x16): undefined reference to `pthread_create'
collect2: error: ld returned 1 exit status
CMakeFiles/cmTC_dff24.dir/build.make:97: recipe for target 'cmTC_dff24' failed
make[1]: *** [cmTC_dff24] Error 1
make[1]: Leaving directory '/home/sarah/program/mine/seg_obj_fast (simple)/build/CMakeFiles/CMakeTmp'
Makefile:126: recipe for target 'cmTC_dff24/fast' failed
make: *** [cmTC_dff24/fast] Error 2

File /home/sarah/program/mine/seg_obj_fast (simple)/build/CMakeFiles/CMakeTmp/CheckSymbolExists.c:
/* */
#include <pthread.h>

int main(int argc, char** argv)
{
  (void)argv;
#ifndef pthread_create
  return ((int*)(&pthread_create))[argc];
#else
  (void)argc;
  return 0;
#endif
}

Determining if the function pthread_create exists in the pthreads failed with the following output:
Change Dir: /home/sarah/program/mine/seg_obj_fast (simple)/build/CMakeFiles/CMakeTmp

Run Build Command:"/usr/bin/make" "cmTC_c2fcf/fast"
/usr/bin/make -f CMakeFiles/cmTC_c2fcf.dir/build.make CMakeFiles/cmTC_c2fcf.dir/build
make[1]: Entering directory '/home/sarah/program/mine/seg_obj_fast (simple)/build/CMakeFiles/CMakeTmp'
Building C object CMakeFiles/cmTC_c2fcf.dir/CheckFunctionExists.c.o
/usr/bin/cc    -DCHECK_FUNCTION_EXISTS=pthread_create   -o CMakeFiles/cmTC_c2fcf.dir/CheckFunctionExists.c.o   -c /usr/share/cmake-3.5/Modules/CheckFunctionExists.c
Linking C executable cmTC_c2fcf
/usr/bin/cmake -E cmake_link_script CMakeFiles/cmTC_c2fcf.dir/link.txt --verbose=1
/usr/bin/cc   -DCHECK_FUNCTION_EXISTS=pthread_create    CMakeFiles/cmTC_c2fcf.dir/CheckFunctionExists.c.o  -o cmTC_c2fcf -rdynamic -lpthreads 
/usr/bin/ld: cannot find -lpthreads
collect2: error: ld returned 1 exit status
CMakeFiles/cmTC_c2fcf.dir/build.make:97: recipe for target 'cmTC_c2fcf' failed
make[1]: *** [cmTC_c2fcf] Error 1
make[1]: Leaving directory '/home/sarah/program/mine/seg_obj_fast (simple)/build/CMakeFiles/CMakeTmp'
Makefile:126: recipe for target 'cmTC_c2fcf/fast' failed
make: *** [cmTC_c2fcf/fast] Error 2


